[ Info: AMDGPU backend loaded
ERROR: LoadError: SystemError: opening file "src/data/bm2/poses.in": No such file or directory
Stacktrace:
 [1] systemerror(p::String, errno::Int32; extrainfo::Nothing)
   @ Base ./error.jl:176
 [2] systemerror
   @ ./error.jl:175 [inlined]
 [3] open(fname::String; lock::Bool, read::Bool, write::Nothing, create::Nothing, truncate::Nothing, append::Nothing)
   @ Base ./iostream.jl:295
 [4] open
   @ ./iostream.jl:277 [inlined]
 [5] open(fname::String, mode::String; lock::Bool)
   @ Base ./iostream.jl:358
 [6] open
   @ ./iostream.jl:357 [inlined]
 [7] read_structs
   @ /autofs/nccs-svm1_home1/eyang317/JACC-applications/miniBUDE/src/BUDE.jl:129 [inlined]
 [8] main()
   @ Main /autofs/nccs-svm1_home1/eyang317/JACC-applications/miniBUDE/src/BUDE.jl:207
 [9] top-level scope
   @ /autofs/nccs-svm1_home1/eyang317/JACC-applications/miniBUDE/src/JACCBUDE.jl:285
in expression starting at /autofs/nccs-svm1_home1/eyang317/JACC-applications/miniBUDE/src/JACCBUDE.jl:285
